d:\school\graphics\game3111_assignment1\week2-2-initializedirect3d\initializedirect3d\x64\debug\vc143.pdb
d:\school\graphics\game3111_assignment1\week2-2-initializedirect3d\initializedirect3d\x64\debug\vc143.idb
d:\school\graphics\game3111_assignment1\week2-2-initializedirect3d\initializedirect3d\x64\debug\week4-5-shapepractice.obj
d:\school\graphics\game3111_assignment1\week2-2-initializedirect3d\initializedirect3d\x64\debug\frameresource.obj
d:\school\graphics\game3111_assignment1\week2-2-initializedirect3d\initializedirect3d\x64\debug\mathhelper.obj
d:\school\graphics\game3111_assignment1\week2-2-initializedirect3d\initializedirect3d\x64\debug\geometrygenerator.obj
d:\school\graphics\game3111_assignment1\week2-2-initializedirect3d\initializedirect3d\x64\debug\gametimer.obj
d:\school\graphics\game3111_assignment1\week2-2-initializedirect3d\initializedirect3d\x64\debug\ddstextureloader.obj
d:\school\graphics\game3111_assignment1\week2-2-initializedirect3d\initializedirect3d\x64\debug\d3dutil.obj
d:\school\graphics\game3111_assignment1\week2-2-initializedirect3d\initializedirect3d\x64\debug\d3dapp.obj
d:\school\graphics\game3111_assignment1\week2-2-initializedirect3d\initializedirect3d\x64\debug\camera.obj
d:\school\graphics\game3111_assignment1\week2-2-initializedirect3d\x64\debug\initializedirect3d.exe
d:\school\graphics\game3111_assignment1\week2-2-initializedirect3d\initializedirect3d\x64\debug\initializedirect3d.ilk
d:\school\graphics\game3111_assignment1\week2-2-initializedirect3d\x64\debug\initializedirect3d.pdb
d:\school\graphics\game3111_assignment1\week2-2-initializedirect3d\initializedirect3d\x64\debug\initiali.83d3c7a0.tlog\cl.read.1.tlog
d:\school\graphics\game3111_assignment1\week2-2-initializedirect3d\initializedirect3d\x64\debug\initiali.83d3c7a0.tlog\cl.write.1.tlog
d:\school\graphics\game3111_assignment1\week2-2-initializedirect3d\initializedirect3d\x64\debug\initiali.83d3c7a0.tlog\cl.command.1.tlog
d:\school\graphics\game3111_assignment1\week2-2-initializedirect3d\initializedirect3d\x64\debug\initiali.83d3c7a0.tlog\link.read.2.tlog
d:\school\graphics\game3111_assignment1\week2-2-initializedirect3d\initializedirect3d\x64\debug\initiali.83d3c7a0.tlog\link.write.1.tlog
d:\school\graphics\game3111_assignment1\week2-2-initializedirect3d\initializedirect3d\x64\debug\initiali.83d3c7a0.tlog\link.command.1.tlog
d:\school\graphics\game3111_assignment1\week2-2-initializedirect3d\initializedirect3d\x64\debug\initiali.83d3c7a0.tlog\cl.items.tlog
